MyCloud/Application/build/outputs/apk/manifest-merger-debug-report.txt
-- Merging decision tree log ---
manifest
ADDED from AndroidManifest.xml:19:1
	package
		ADDED from AndroidManifest.xml:20:11
	android:versionName
		ADDED from AndroidManifest.xml:22:11
	android:versionCode
		ADDED from AndroidManifest.xml:21:11
		INJECTED from AndroidManifest.xml:0:0
		INJECTED from AndroidManifest.xml:0:0
	xmlns:android
		ADDED from AndroidManifest.xml:19:11
uses-permission#android.permission.READ_EXTERNAL_STORAGE
ADDED from AndroidManifest.xml:26:5
	android:name
		ADDED from AndroidManifest.xml:26:22
uses-permission#android.permission.WRITE_EXTERNAL_STORAGE
ADDED from AndroidManifest.xml:27:5
	android:name
		ADDED from AndroidManifest.xml:27:22
application
ADDED from AndroidManifest.xml:29:5
MERGED from com.android.support:support-v4:21.0.2:16:5
MERGED from com.android.support:support-v13:21.0.2:16:5
MERGED from com.android.support:support-v4:21.0.2:16:5
MERGED from com.android.support:cardview-v7:21.0.2:16:5
	android:label
		ADDED from AndroidManifest.xml:31:9
	android:allowBackup
		ADDED from AndroidManifest.xml:30:9
	android:icon
		ADDED from AndroidManifest.xml:32:9
	android:theme
		ADDED from AndroidManifest.xml:33:9
activity#com.example.android.storageprovider.MainActivity
ADDED from AndroidManifest.xml:35:9
	android:label
		ADDED from AndroidManifest.xml:38:13
	android:uiOptions
		ADDED from AndroidManifest.xml:37:13
	android:name
		ADDED from AndroidManifest.xml:36:13
intent-filter#android.intent.action.MAIN+android.intent.category.LAUNCHER
ADDED from AndroidManifest.xml:39:13
action#android.intent.action.MAIN
ADDED from AndroidManifest.xml:40:17
	android:name
		ADDED from AndroidManifest.xml:40:25
category#android.intent.category.LAUNCHER
ADDED from AndroidManifest.xml:41:17
	android:name
		ADDED from AndroidManifest.xml:41:27
provider#com.example.android.storageprovider.MyCloudProvider
ADDED from AndroidManifest.xml:55:9
	android:authorities
		ADDED from AndroidManifest.xml:57:13
	android:grantUriPermissions
		ADDED from AndroidManifest.xml:58:13
	android:exported
		ADDED from AndroidManifest.xml:59:13
	android:permission
		ADDED from AndroidManifest.xml:60:13
	android:name
		ADDED from AndroidManifest.xml:56:13
intent-filter#android.content.action.DOCUMENTS_PROVIDER
ADDED from AndroidManifest.xml:61:13
action#android.content.action.DOCUMENTS_PROVIDER
ADDED from AndroidManifest.xml:62:17
	android:name
		ADDED from AndroidManifest.xml:62:25
uses-sdk
INJECTED from AndroidManifest.xml:0:0 reason: use-sdk injection requested
MERGED from com.android.support:support-v4:21.0.2:15:5
MERGED from com.android.support:support-v13:21.0.2:15:5
MERGED from com.android.support:support-v4:21.0.2:15:5
MERGED from com.android.support:cardview-v7:21.0.2:15:5
	android:targetSdkVersion
		INJECTED from AndroidManifest.xml:0:0
		INJECTED from AndroidManifest.xml:0:0
	android:minSdkVersion
		INJECTED from AndroidManifest.xml:0:0
		INJECTED from AndroidManifest.xml:0:0